# JRE version: OpenJDK Runtime Environment (17.0.6) (build 17.0.6+0-b2043.56-10027231)
# Java VM: OpenJDK 64-Bit Server VM (17.0.6+0-b2043.56-10027231, mixed mode, tiered, compressed oops, compressed class ptrs, g1 gc, windows-amd64)
GC Precious Log:
 CPUs: 16 total, 16 available
 Memory: 15775M
 Large Page Support: Disabled
 NUMA Support: Disabled
 Compressed Oops: Enabled (32-bit)
 Heap Region Size: 1M
 Heap Min Capacity: 8M
 Heap Initial Capacity: 248M
 Heap Max Capacity: 2G
 Pre-touch: Disabled
 Parallel Workers: 13
 Concurrent Workers: 3
 Concurrent Refinement Workers: 13
 Periodic GC: Disabled
Heap:
 garbage-first heap   total 295936K, used 197872K [0x0000000080000000, 0x0000000100000000)
  region size 1024K, 6 young (6144K), 6 survivors (6144K)
 Metaspace       used 145897K, committed 147136K, reserved 1179648K
  class space    used 19604K, committed 20224K, reserved 1048576K
GC Heap History (20 events):
Event: 1038.282 GC heap after
{Heap after GC invocations=41 (full 0):
 garbage-first heap   total 295936K, used 148704K [0x0000000080000000, 0x0000000100000000)
  region size 1024K, 3 young (3072K), 3 survivors (3072K)
 Metaspace       used 134638K, committed 135680K, reserved 1171456K
  class space    used 18371K, committed 18880K, reserved 1048576K
}
Event: 2759.927 GC heap before
{Heap before GC invocations=41 (full 0):
 garbage-first heap   total 295936K, used 271584K [0x0000000080000000, 0x0000000100000000)
  region size 1024K, 99 young (101376K), 3 survivors (3072K)
 Metaspace       used 134952K, committed 136064K, reserved 1171456K
  class space    used 18383K, committed 18944K, reserved 1048576K
}
Event: 2759.931 GC heap after
{Heap after GC invocations=42 (full 0):
 garbage-first heap   total 295936K, used 151866K [0x0000000080000000, 0x0000000100000000)
  region size 1024K, 6 young (6144K), 6 survivors (6144K)
 Metaspace       used 134952K, committed 136064K, reserved 1171456K
  class space    used 18383K, committed 18944K, reserved 1048576K
}
Event: 2782.732 GC heap before
{Heap before GC invocations=42 (full 0):
 garbage-first heap   total 295936K, used 246074K [0x0000000080000000, 0x0000000100000000)
  region size 1024K, 99 young (101376K), 6 survivors (6144K)
 Metaspace       used 135566K, committed 136768K, reserved 1171456K
  class space    used 18476K, committed 19072K, reserved 1048576K
}
Event: 2782.735 GC heap after
{Heap after GC invocations=43 (full 0):
 garbage-first heap   total 295936K, used 149137K [0x0000000080000000, 0x0000000100000000)
  region size 1024K, 4 young (4096K), 4 survivors (4096K)
 Metaspace       used 135566K, committed 136768K, reserved 1171456K
  class space    used 18476K, committed 19072K, reserved 1048576K
}
Event: 2783.625 GC heap before
{Heap before GC invocations=43 (full 0):
 garbage-first heap   total 295936K, used 247441K [0x0000000080000000, 0x0000000100000000)
  region size 1024K, 101 young (103424K), 4 survivors (4096K)
 Metaspace       used 138784K, committed 139904K, reserved 1171456K
  class space    used 18846K, committed 19392K, reserved 1048576K
}
Event: 2783.634 GC heap after
{Heap after GC invocations=44 (full 0):
 garbage-first heap   total 295936K, used 160608K [0x0000000080000000, 0x0000000100000000)
  region size 1024K, 13 young (13312K), 13 survivors (13312K)
 Metaspace       used 138784K, committed 139904K, reserved 1171456K
  class space    used 18846K, committed 19392K, reserved 1048576K
}
Event: 2785.457 GC heap before
{Heap before GC invocations=44 (full 0):
 garbage-first heap   total 295936K, used 248672K [0x0000000080000000, 0x0000000100000000)
  region size 1024K, 97 young (99328K), 13 survivors (13312K)
 Metaspace       used 144119K, committed 145280K, reserved 1179648K
  class space    used 19369K, committed 19968K, reserved 1048576K
}
Event: 2785.466 GC heap after
{Heap after GC invocations=45 (full 0):
 garbage-first heap   total 295936K, used 164724K [0x0000000080000000, 0x0000000100000000)
  region size 1024K, 4 young (4096K), 4 survivors (4096K)
 Metaspace       used 144119K, committed 145280K, reserved 1179648K
  class space    used 19369K, committed 19968K, reserved 1048576K
}
Event: 2786.390 GC heap before
{Heap before GC invocations=45 (full 0):
 garbage-first heap   total 295936K, used 247668K [0x0000000080000000, 0x0000000100000000)
  region size 1024K, 86 young (88064K), 4 survivors (4096K)
 Metaspace       used 144855K, committed 146112K, reserved 1179648K
  class space    used 19452K, committed 20096K, reserved 1048576K
}
Event: 2786.395 GC heap after
{Heap after GC invocations=46 (full 0):
 garbage-first heap   total 295936K, used 164137K [0x0000000080000000, 0x0000000100000000)
  region size 1024K, 4 young (4096K), 4 survivors (4096K)
 Metaspace       used 144855K, committed 146112K, reserved 1179648K
  class space    used 19452K, committed 20096K, reserved 1048576K
}
Event: 2786.498 GC heap before
{Heap before GC invocations=46 (full 0):
 garbage-first heap   total 295936K, used 249129K [0x0000000080000000, 0x0000000100000000)
  region size 1024K, 88 young (90112K), 4 survivors (4096K)
 Metaspace       used 145097K, committed 146368K, reserved 1179648K
  class space    used 19482K, committed 20096K, reserved 1048576K
}
Event: 2786.506 GC heap after
{Heap after GC invocations=47 (full 0):
 garbage-first heap   total 295936K, used 179714K [0x0000000080000000, 0x0000000100000000)
  region size 1024K, 11 young (11264K), 11 survivors (11264K)
 Metaspace       used 145097K, committed 146368K, reserved 1179648K
  class space    used 19482K, committed 20096K, reserved 1048576K
}
Event: 2786.619 GC heap before
{Heap before GC invocations=47 (full 0):
 garbage-first heap   total 295936K, used 245250K [0x0000000080000000, 0x0000000100000000)
  region size 1024K, 76 young (77824K), 11 survivors (11264K)
 Metaspace       used 145485K, committed 146752K, reserved 1179648K
  class space    used 19551K, committed 20160K, reserved 1048576K
}
Event: 2786.627 GC heap after
{Heap after GC invocations=48 (full 0):
 garbage-first heap   total 295936K, used 187341K [0x0000000080000000, 0x0000000100000000)
  region size 1024K, 9 young (9216K), 9 survivors (9216K)
 Metaspace       used 145485K, committed 146752K, reserved 1179648K
  class space    used 19551K, committed 20160K, reserved 1048576K
}
Event: 2786.685 GC heap before
{Heap before GC invocations=48 (full 0):
 garbage-first heap   total 295936K, used 245709K [0x0000000080000000, 0x0000000100000000)
  region size 1024K, 67 young (68608K), 9 survivors (9216K)
 Metaspace       used 145568K, committed 146816K, reserved 1179648K
  class space    used 19559K, committed 20160K, reserved 1048576K
}
Event: 2786.693 GC heap after
{Heap after GC invocations=49 (full 0):
 garbage-first heap   total 295936K, used 193388K [0x0000000080000000, 0x0000000100000000)
  region size 1024K, 7 young (7168K), 7 survivors (7168K)
 Metaspace       used 145568K, committed 146816K, reserved 1179648K
  class space    used 19559K, committed 20160K, reserved 1048576K
}
Event: 2786.751 GC heap before
{Heap before GC invocations=49 (full 0):
 garbage-first heap   total 295936K, used 248684K [0x0000000080000000, 0x0000000100000000)
  region size 1024K, 61 young (62464K), 7 survivors (7168K)
 Metaspace       used 145751K, committed 147008K, reserved 1179648K
  class space    used 19589K, committed 20224K, reserved 1048576K
}
Event: 2786.757 GC heap after
{Heap after GC invocations=50 (full 0):
 garbage-first heap   total 295936K, used 196557K [0x0000000080000000, 0x0000000100000000)
  region size 1024K, 4 young (4096K), 4 survivors (4096K)
 Metaspace       used 145751K, committed 147008K, reserved 1179648K
  class space    used 19589K, committed 20224K, reserved 1048576K
}
Event: 2786.823 GC heap before
{Heap before GC invocations=50 (full 0):
 garbage-first heap   total 295936K, used 250829K [0x0000000080000000, 0x0000000100000000)
  region size 1024K, 57 young (58368K), 4 survivors (4096K)
 Metaspace       used 145897K, committed 147136K, reserved 1179648K
  class space    used 19604K, committed 20224K, reserved 1048576K
}

